0 verbose cli D:\tool\node\node.exe D:\tool\node\node_modules\npm\bin\npm-cli.js
1 info using npm@10.9.2
2 info using node@v22.14.0
3 silly config load:file:D:\tool\node\node_modules\npm\npmrc
4 silly config load:file:D:\tool\aLemon\vue\GreenPlanEP2\.npmrc
5 silly config load:file:C:\Users\Administrator\.npmrc
6 silly config load:file:D:\tool\aLemon\vue\GreenPlanEP2\node_global\etc\npmrc
7 verbose title npm run dev
8 verbose argv "run" "dev"
9 verbose logfile logs-max:10 dir:D:\tool\aLemon\vue\GreenPlanEP2\node_cache\_logs\2026-04-11T07_51_27_837Z-
10 verbose logfile D:\tool\aLemon\vue\GreenPlanEP2\node_cache\_logs\2026-04-11T07_51_27_837Z-debug-0.log
11 silly logfile done cleaning log files
12 verbose stack Error: Could not read package.json: Error: ENOENT: no such file or directory, open 'D:\tool\aLemon\vue\GreenPlanEP2\package.json'
12 verbose stack     at async open (node:internal/fs/promises:638:25)
12 verbose stack     at async readFile (node:internal/fs/promises:1242:14)
12 verbose stack     at async read (D:\tool\node\node_modules\npm\node_modules\@npmcli\package-json\lib\read-package.js:9:18)
12 verbose stack     at async PackageJson.load (D:\tool\node\node_modules\npm\node_modules\@npmcli\package-json\lib\index.js:131:31)
12 verbose stack     at async PackageJson.normalize (D:\tool\node\node_modules\npm\node_modules\@npmcli\package-json\lib\index.js:117:5)
12 verbose stack     at async #run (D:\tool\node\node_modules\npm\lib\commands\run-script.js:86:13)
12 verbose stack     at async RunScript.exec (D:\tool\node\node_modules\npm\lib\commands\run-script.js:40:7)
12 verbose stack     at async Npm.exec (D:\tool\node\node_modules\npm\lib\npm.js:207:9)
12 verbose stack     at async module.exports (D:\tool\node\node_modules\npm\lib\cli\entry.js:74:5)
13 error code ENOENT
14 error syscall open
15 error path D:\tool\aLemon\vue\GreenPlanEP2\package.json
16 error errno -4058
17 error enoent Could not read package.json: Error: ENOENT: no such file or directory, open 'D:\tool\aLemon\vue\GreenPlanEP2\package.json'
18 error enoent This is related to npm not being able to find a file.
18 error enoent
19 verbose cwd D:\tool\aLemon\vue\GreenPlanEP2
20 verbose os Windows_NT 10.0.19045
21 verbose node v22.14.0
22 verbose npm  v10.9.2
23 verbose exit -4058
24 verbose code -4058
25 error A complete log of this run can be found in: D:\tool\aLemon\vue\GreenPlanEP2\node_cache\_logs\2026-04-11T07_51_27_837Z-debug-0.log
