
  .   ____          _            __ _ _
 /\\ / ___'_ __ _ _(_)_ __  __ _ \ \ \ \
( ( )\___ | '_ | '_| | '_ \/ _` | \ \ \ \
 \\/  ___)| |_)| | | | | || (_| |  ) ) ) )
  '  |____| .__|_| |_|_| |_\__, | / / / /
 =========|_|==============|___/=/_/_/_/

 :: Spring Boot ::               (v3.3.10)

2026-05-05T16:06:33.051+08:00  INFO 15972 --- [           main] c.g.api.GreenPlanEp2ApiApplication       : Starting GreenPlanEp2ApiApplication v0.1.0 using Java 21.0.10 with PID 15972 (D:\tool\aLemon\vue\GreenPlanEP2\apps\api\target\greenplanep2-api-0.1.0.jar started by Administrator in D:\tool\aLemon\vue\GreenPlanEP2)
2026-05-05T16:06:33.061+08:00  INFO 15972 --- [           main] c.g.api.GreenPlanEp2ApiApplication       : No active profile set, falling back to 1 default profile: "default"
2026-05-05T16:06:35.082+08:00  INFO 15972 --- [           main] .s.d.r.c.RepositoryConfigurationDelegate : Bootstrapping Spring Data JPA repositories in DEFAULT mode.
2026-05-05T16:06:35.347+08:00  INFO 15972 --- [           main] .s.d.r.c.RepositoryConfigurationDelegate : Finished Spring Data repository scanning in 242 ms. Found 19 JPA repository interfaces.
2026-05-05T16:06:37.057+08:00  INFO 15972 --- [           main] o.s.b.w.embedded.tomcat.TomcatWebServer  : Tomcat initialized with port 8081 (http)
2026-05-05T16:06:37.104+08:00  INFO 15972 --- [           main] o.apache.catalina.core.StandardService   : Starting service [Tomcat]
2026-05-05T16:06:37.106+08:00  INFO 15972 --- [           main] o.apache.catalina.core.StandardEngine    : Starting Servlet engine: [Apache Tomcat/10.1.39]
2026-05-05T16:06:37.194+08:00  INFO 15972 --- [           main] o.a.c.c.C.[Tomcat].[localhost].[/]       : Initializing Spring embedded WebApplicationContext
2026-05-05T16:06:37.196+08:00  INFO 15972 --- [           main] w.s.c.ServletWebServerApplicationContext : Root WebApplicationContext: initialization completed in 4017 ms
2026-05-05T16:06:37.649+08:00  INFO 15972 --- [           main] o.hibernate.jpa.internal.util.LogHelper  : HHH000204: Processing PersistenceUnitInfo [name: default]
2026-05-05T16:06:37.840+08:00  INFO 15972 --- [           main] org.hibernate.Version                    : HHH000412: Hibernate ORM core version 6.5.3.Final
2026-05-05T16:06:37.956+08:00  INFO 15972 --- [           main] o.h.c.internal.RegionFactoryInitiator    : HHH000026: Second-level cache disabled
2026-05-05T16:06:38.879+08:00  INFO 15972 --- [           main] o.s.o.j.p.SpringPersistenceUnitInfo      : No LoadTimeWeaver setup: ignoring JPA class transformer
2026-05-05T16:06:38.979+08:00  INFO 15972 --- [           main] com.zaxxer.hikari.HikariDataSource       : HikariPool-1 - Starting...
2026-05-05T16:06:39.657+08:00  INFO 15972 --- [           main] com.zaxxer.hikari.pool.HikariPool        : HikariPool-1 - Added connection com.mysql.cj.jdbc.ConnectionImpl@5ae66c98
2026-05-05T16:06:39.664+08:00  INFO 15972 --- [           main] com.zaxxer.hikari.HikariDataSource       : HikariPool-1 - Start completed.
2026-05-05T16:06:42.650+08:00  INFO 15972 --- [           main] o.h.e.t.j.p.i.JtaPlatformInitiator       : HHH000489: No JTA platform available (set 'hibernate.transaction.jta.platform' to enable JTA platform integration)
2026-05-05T16:06:43.164+08:00  INFO 15972 --- [           main] j.LocalContainerEntityManagerFactoryBean : Initialized JPA EntityManagerFactory for persistence unit 'default'
2026-05-05T16:06:44.293+08:00  INFO 15972 --- [           main] o.s.d.j.r.query.QueryEnhancerFactory     : Hibernate is in classpath; If applicable, HQL parser will be used.
2026-05-05T16:06:46.023+08:00  WARN 15972 --- [           main] .s.s.UserDetailsServiceAutoConfiguration : 

Using generated security password: 729e36a0-99e1-4ae9-b517-ff7243c32c04

This generated password is for development use only. Your security configuration must be updated before running your application in production.

2026-05-05T16:06:46.046+08:00  INFO 15972 --- [           main] r$InitializeUserDetailsManagerConfigurer : Global AuthenticationManager configured with UserDetailsService bean with name inMemoryUserDetailsManager
2026-05-05T16:06:47.295+08:00  INFO 15972 --- [           main] o.s.b.w.embedded.tomcat.TomcatWebServer  : Tomcat started on port 8081 (http) with context path '/'
2026-05-05T16:06:47.327+08:00  INFO 15972 --- [           main] c.g.api.GreenPlanEp2ApiApplication       : Started GreenPlanEp2ApiApplication in 15.492 seconds (process running for 16.536)
